0 info it worked if it ends with ok
1 verbose cli [ 'c:\\Program Files\\nodejs\\node.exe',
1 verbose cli   'c:\\Program Files\\nodejs\\node_modules\\npm\\bin\\npm-cli.js',
1 verbose cli   'install',
1 verbose cli   '-g',
1 verbose cli   'n' ]
2 info using npm@2.7.4
3 info using node@v0.12.2
4 silly cache add args [ 'n', null ]
5 verbose cache add spec n
6 silly cache add parsed spec { raw: 'n',
6 silly cache add   scope: null,
6 silly cache add   name: 'n',
6 silly cache add   rawSpec: '',
6 silly cache add   spec: '*',
6 silly cache add   type: 'range' }
7 verbose addNamed n@*
8 silly addNamed semver.valid null
9 silly addNamed semver.validRange *
10 silly addNameRange { name: 'n', range: '*', hasData: false }
11 silly mapToRegistry name n
12 silly mapToRegistry using default registry
13 silly mapToRegistry registry https://registry.npmjs.org/
14 silly mapToRegistry uri https://registry.npmjs.org/n
15 verbose addNameRange registry:https://registry.npmjs.org/n not in flight; fetching
16 verbose request uri https://registry.npmjs.org/n
17 verbose request no auth needed
18 info attempt registry request try #1 at 9:02:37 PM
19 verbose request id 4ecb90c654e014e7
20 http request GET https://registry.npmjs.org/n
21 http 200 https://registry.npmjs.org/n
22 silly get cb [ 200,
22 silly get   { server: 'CouchDB/1.6.1 (Erlang OTP/R16B03)',
22 silly get     etag: '"6LV7U9A40EABRHFUCBKPAE9NW"',
22 silly get     'content-type': 'application/json',
22 silly get     'content-encoding': 'gzip',
22 silly get     'cache-control': 'max-age=300',
22 silly get     'content-length': '12088',
22 silly get     'accept-ranges': 'bytes',
22 silly get     date: 'Wed, 28 Sep 2016 15:02:41 GMT',
22 silly get     via: '1.1 varnish',
22 silly get     age: '0',
22 silly get     connection: 'keep-alive',
22 silly get     'x-served-by': 'cache-sin6924-SIN',
22 silly get     'x-cache': 'HIT',
22 silly get     'x-cache-hits': '1',
22 silly get     'x-timer': 'S1475074960.763388,VS0,VE245',
22 silly get     vary: 'Accept-Encoding' } ]
23 verbose get saving n to C:\Users\finbd4\AppData\Roaming\npm-cache\registry.npmjs.org\n\.cache.json
24 verbose getCacheStat cache creation not in flight; initializing
25 verbose makeCacheDir UID & GID are irrelevant on win32
26 silly addNameRange number 2 { name: 'n', range: '*', hasData: true }
27 silly addNameRange versions [ 'n',
27 silly addNameRange   [ '0.0.1',
27 silly addNameRange     '0.0.2',
27 silly addNameRange     '0.0.3',
27 silly addNameRange     '0.0.4',
27 silly addNameRange     '0.1.0',
27 silly addNameRange     '0.1.1',
27 silly addNameRange     '0.1.2',
27 silly addNameRange     '0.2.0',
27 silly addNameRange     '0.2.1',
27 silly addNameRange     '0.2.2',
27 silly addNameRange     '0.3.0',
27 silly addNameRange     '0.4.0',
27 silly addNameRange     '0.4.1',
27 silly addNameRange     '0.4.2',
27 silly addNameRange     '0.5.0',
27 silly addNameRange     '0.5.1',
27 silly addNameRange     '0.5.2',
27 silly addNameRange     '0.5.3',
27 silly addNameRange     '0.5.4',
27 silly addNameRange     '0.6.0',
27 silly addNameRange     '0.6.1',
27 silly addNameRange     '0.7.0',
27 silly addNameRange     '0.7.1',
27 silly addNameRange     '0.7.2',
27 silly addNameRange     '0.7.3',
27 silly addNameRange     '0.8.0',
27 silly addNameRange     '0.8.1',
27 silly addNameRange     '0.8.2',
27 silly addNameRange     '0.9.0',
27 silly addNameRange     '0.9.1',
27 silly addNameRange     '0.9.2',
27 silly addNameRange     '0.9.3',
27 silly addNameRange     '1.0.0',
27 silly addNameRange     '1.1.0',
27 silly addNameRange     '1.2.1',
27 silly addNameRange     '1.2.2',
27 silly addNameRange     '1.2.3',
27 silly addNameRange     '1.2.4',
27 silly addNameRange     '1.2.5',
27 silly addNameRange     '1.2.6',
27 silly addNameRange     '1.2.7',
27 silly addNameRange     '1.2.8',
27 silly addNameRange     '1.2.9',
27 silly addNameRange     '1.2.11',
27 silly addNameRange     '1.2.13',
27 silly addNameRange     '1.2.14',
27 silly addNameRange     '1.3.0',
27 silly addNameRange     '1.4.0',
27 silly addNameRange     '2.0.0',
27 silly addNameRange     '1.4.1',
27 silly addNameRange     '2.0.1',
27 silly addNameRange     '1.4.2',
27 silly addNameRange     '2.0.2',
27 silly addNameRange     '2.1.0',
27 silly addNameRange     '2.1.1',
27 silly addNameRange     '2.1.2',
27 silly addNameRange     '2.1.3',
27 silly addNameRange     '2.1.4' ] ]
28 verbose addNamed n@2.1.4
29 silly addNamed semver.valid 2.1.4
30 silly addNamed semver.validRange 2.1.4
31 silly mapToRegistry name n
32 silly mapToRegistry using default registry
33 silly mapToRegistry registry https://registry.npmjs.org/
34 silly mapToRegistry uri https://registry.npmjs.org/n
35 verbose addRemoteTarball https://registry.npmjs.org/n/-/n-2.1.4.tgz not in flight; adding
36 verbose addRemoteTarball [ 'https://registry.npmjs.org/n/-/n-2.1.4.tgz',
36 verbose addRemoteTarball   '7546bc467a120cc96718f2716cd86c43290f94c5' ]
37 info retry fetch attempt 1 at 9:02:39 PM
38 info attempt registry request try #1 at 9:02:39 PM
39 http fetch GET https://registry.npmjs.org/n/-/n-2.1.4.tgz
40 http fetch 200 https://registry.npmjs.org/n/-/n-2.1.4.tgz
41 silly fetchAndShaCheck shasum 7546bc467a120cc96718f2716cd86c43290f94c5
42 verbose addTmpTarball C:\Users\finbd4\AppData\Local\Temp\npm-6180-6e95a52a\registry.npmjs.org\n\-\n-2.1.4.tgz not in flight; adding
43 verbose addTmpTarball already have metadata; skipping unpack for n@2.1.4
44 silly cache afterAdd n@2.1.4
45 verbose afterAdd C:\Users\finbd4\AppData\Roaming\npm-cache\n\2.1.4\package\package.json not in flight; writing
46 verbose afterAdd C:\Users\finbd4\AppData\Roaming\npm-cache\n\2.1.4\package\package.json written
47 silly install resolved [ { name: 'n',
47 silly install resolved     description: 'Interactively Manage All Your Node Versions',
47 silly install resolved     version: '2.1.4',
47 silly install resolved     author: { name: 'TJ Holowaychuk', email: 'tj@vision-media.ca' },
47 silly install resolved     homepage: 'https://github.com/tj/n',
47 silly install resolved     bugs: { url: 'https://github.com/tj/n/issues' },
47 silly install resolved     contributors: [ [Object], [Object], [Object] ],
47 silly install resolved     keywords:
47 silly install resolved      [ 'nvm',
47 silly install resolved        'node',
47 silly install resolved        'version',
47 silly install resolved        'manager',
47 silly install resolved        'switcher',
47 silly install resolved        'node',
47 silly install resolved        'binary',
47 silly install resolved        'env' ],
47 silly install resolved     bin: { n: './bin/n' },
47 silly install resolved     repository: { type: 'git', url: 'git://github.com/tj/n.git' },
47 silly install resolved     preferGlobal: true,
47 silly install resolved     os: [ '!win32' ],
47 silly install resolved     engines: { node: '*' },
47 silly install resolved     license: 'MIT',
47 silly install resolved     gitHead: 'ff9ba303d972069903c0f951ece43f47adce24e8',
47 silly install resolved     _id: 'n@2.1.4',
47 silly install resolved     scripts: {},
47 silly install resolved     _shasum: '7546bc467a120cc96718f2716cd86c43290f94c5',
47 silly install resolved     _from: 'n@*',
47 silly install resolved     _npmVersion: '3.10.3',
47 silly install resolved     _nodeVersion: '6.3.1',
47 silly install resolved     _npmUser: { name: 'qw3rtman', email: 'me@nimit.io' },
47 silly install resolved     dist:
47 silly install resolved      { shasum: '7546bc467a120cc96718f2716cd86c43290f94c5',
47 silly install resolved        tarball: 'https://registry.npmjs.org/n/-/n-2.1.4.tgz' },
47 silly install resolved     maintainers: [ [Object], [Object], [Object], [Object], [Object], [Object] ],
47 silly install resolved     _npmOperationalInternal:
47 silly install resolved      { host: 'packages-16-east.internal.npmjs.com',
47 silly install resolved        tmp: 'tmp/n-2.1.4.tgz_1470600124670_0.21058935346081853' },
47 silly install resolved     directories: {},
47 silly install resolved     _resolved: 'https://registry.npmjs.org/n/-/n-2.1.4.tgz' } ]
48 info install n@2.1.4 into C:\Users\finbd4\AppData\Roaming\npm
49 info installOne n@2.1.4
50 verbose installOne of n to C:\Users\finbd4\AppData\Roaming\npm not in flight; installing
51 verbose lock using C:\Users\finbd4\AppData\Roaming\npm-cache\_locks\n-77d61eb54faf62bf.lock for C:\Users\finbd4\AppData\Roaming\npm\node_modules\n
52 verbose unlock done using C:\Users\finbd4\AppData\Roaming\npm-cache\_locks\n-77d61eb54faf62bf.lock for C:\Users\finbd4\AppData\Roaming\npm\node_modules\n
53 verbose stack Error: Unsupported
53 verbose stack     at checkPlatform (c:\Program Files\nodejs\node_modules\npm\node_modules\npm-install-checks\index.js:47:14)
53 verbose stack     at Array.<anonymous> (c:\Program Files\nodejs\node_modules\npm\node_modules\slide\lib\bind-actor.js:15:8)
53 verbose stack     at LOOP (c:\Program Files\nodejs\node_modules\npm\node_modules\slide\lib\chain.js:15:14)
53 verbose stack     at c:\Program Files\nodejs\node_modules\npm\node_modules\slide\lib\chain.js:18:7
53 verbose stack     at checkEngine (c:\Program Files\nodejs\node_modules\npm\node_modules\npm-install-checks\index.js:26:10)
53 verbose stack     at Array.<anonymous> (c:\Program Files\nodejs\node_modules\npm\node_modules\slide\lib\bind-actor.js:15:8)
53 verbose stack     at LOOP (c:\Program Files\nodejs\node_modules\npm\node_modules\slide\lib\chain.js:15:14)
53 verbose stack     at chain (c:\Program Files\nodejs\node_modules\npm\node_modules\slide\lib\chain.js:20:5)
53 verbose stack     at c:\Program Files\nodejs\node_modules\npm\lib\install.js:1024:5
53 verbose stack     at c:\Program Files\nodejs\node_modules\npm\lib\utils\locker.js:40:9
54 verbose pkgid n@2.1.4
55 verbose cwd c:\Users\finbd4\Desktop\gitlab projects\rxjs_learning
56 error Windows_NT 6.1.7601
57 error argv "c:\\Program Files\\nodejs\\node.exe" "c:\\Program Files\\nodejs\\node_modules\\npm\\bin\\npm-cli.js" "install" "-g" "n"
58 error node v0.12.2
59 error npm  v2.7.4
60 error code EBADPLATFORM
61 error notsup Unsupported
61 error notsup Not compatible with your operating system or architecture: n@2.1.4
61 error notsup Valid OS:    !win32
61 error notsup Valid Arch:  any
61 error notsup Actual OS:   win32
61 error notsup Actual Arch: x64
62 verbose exit [ 1, true ]
